<?xml version="1.0" encoding="UTF-8"?>
<!-- Generated by org.testng.reporters.JUnitXMLReporter -->
<testsuite hostname="Kathy-PC" name="TestMethods" tests="4" failures="0" timestamp="1 Dec 2015 12:03:14 GMT" time="0.406" errors="0">
  <testcase name="@BeforeMethod Test_setUp" time="0.0" classname="testcase.buy.ProductList.android.kathy.ProductID_2110">
    <failure type="org.openqa.selenium.SessionNotCreatedException" message="A new session could not be created. (Original error: Requested a new session but one was in progress) (WARNING: The server did not provide any stacktrace information)
Command duration or timeout: 146 milliseconds
Build info: version: &amp;apos;2.44.0&amp;apos;, revision: &amp;apos;76d78cf&amp;apos;, time: &amp;apos;2014-10-23 20:02:37&amp;apos;
System info: host: &amp;apos;Kathy-PC&amp;apos;, ip: &amp;apos;172.20.34.7&amp;apos;, os.name: &amp;apos;Windows 7&amp;apos;, os.arch: &amp;apos;x86&amp;apos;, os.version: &amp;apos;6.1&amp;apos;, java.version: &amp;apos;1.7.0_79&amp;apos;
Driver info: io.appium.java_client.android.AndroidDriver">
      <![CDATA[org.openqa.selenium.SessionNotCreatedException: A new session could not be created. (Original error: Requested a new session but one was in progress) (WARNING: The server did not provide any stacktrace information)
Command duration or timeout: 146 milliseconds
Build info: version: '2.44.0', revision: '76d78cf', time: '2014-10-23 20:02:37'
System info: host: 'Kathy-PC', ip: '172.20.34.7', os.name: 'Windows 7', os.arch: 'x86', os.version: '6.1', java.version: '1.7.0_79'
Driver info: io.appium.java_client.android.AndroidDriver
	at sun.reflect.NativeConstructorAccessorImpl.newInstance0(Native Method)
	at sun.reflect.NativeConstructorAccessorImpl.newInstance(NativeConstructorAccessorImpl.java:57)
	at sun.reflect.DelegatingConstructorAccessorImpl.newInstance(DelegatingConstructorAccessorImpl.java:45)
	at java.lang.reflect.Constructor.newInstance(Constructor.java:526)
	at org.openqa.selenium.remote.ErrorHandler.createThrowable(ErrorHandler.java:204)
	at org.openqa.selenium.remote.ErrorHandler.throwIfResponseFailed(ErrorHandler.java:156)
	at org.openqa.selenium.remote.RemoteWebDriver.execute(RemoteWebDriver.java:599)
	at io.appium.java_client.AppiumDriver.execute(AppiumDriver.java:180)
	at org.openqa.selenium.remote.RemoteWebDriver.startSession(RemoteWebDriver.java:240)
	at org.openqa.selenium.remote.RemoteWebDriver.<init>(RemoteWebDriver.java:126)
	at org.openqa.selenium.remote.RemoteWebDriver.<init>(RemoteWebDriver.java:153)
	at io.appium.java_client.AppiumDriver.<init>(AppiumDriver.java:109)
	at io.appium.java_client.android.AndroidDriver.<init>(AndroidDriver.java:39)
	at testcase.commonality.android.kathy.CommonClass_iTripAPP.Test_setUp(CommonClass_iTripAPP.java:43)
	at sun.reflect.NativeMethodAccessorImpl.invoke0(Native Method)
	at sun.reflect.NativeMethodAccessorImpl.invoke(NativeMethodAccessorImpl.java:57)
	at sun.reflect.DelegatingMethodAccessorImpl.invoke(DelegatingMethodAccessorImpl.java:43)
	at java.lang.reflect.Method.invoke(Method.java:606)
	at org.testng.internal.MethodInvocationHelper.invokeMethod(MethodInvocationHelper.java:84)
	at org.testng.internal.Invoker.invokeConfigurationMethod(Invoker.java:564)
	at org.testng.internal.Invoker.invokeConfigurations(Invoker.java:213)
	at org.testng.internal.Invoker.invokeMethod(Invoker.java:653)
	at org.testng.internal.Invoker.invokeTestMethod(Invoker.java:901)
	at org.testng.internal.Invoker.invokeTestMethods(Invoker.java:1231)
	at org.testng.internal.TestMethodWorker.invokeTestMethods(TestMethodWorker.java:127)
	at org.testng.internal.TestMethodWorker.run(TestMethodWorker.java:111)
	at org.testng.TestRunner.privateRun(TestRunner.java:767)
	at org.testng.TestRunner.run(TestRunner.java:617)
	at org.testng.SuiteRunner.runTest(SuiteRunner.java:335)
	at org.testng.SuiteRunner.runSequentially(SuiteRunner.java:330)
	at org.testng.SuiteRunner.privateRun(SuiteRunner.java:291)
	at org.testng.SuiteRunner.run(SuiteRunner.java:240)
	at org.testng.SuiteRunnerWorker.runSuite(SuiteRunnerWorker.java:52)
	at org.testng.SuiteRunnerWorker.run(SuiteRunnerWorker.java:86)
	at org.testng.TestNG.runSuitesSequentially(TestNG.java:1224)
	at org.testng.TestNG.runSuitesLocally(TestNG.java:1149)
	at org.testng.TestNG.run(TestNG.java:1057)
	at org.testng.remote.RemoteTestNG.run(RemoteTestNG.java:111)
	at org.testng.remote.RemoteTestNG.initAndRun(RemoteTestNG.java:204)
	at org.testng.remote.RemoteTestNG.main(RemoteTestNG.java:175)
]]>
    </failure>
  </testcase> <!-- @BeforeMethod Test_setUp -->
  <testcase name="@AfterClass tearDown" time="0.0" classname="testcase.buy.ProductList.android.kathy.ProductID_2110">
    <skipped/>
  </testcase> <!-- @AfterClass tearDown -->
  <testcase name="@BeforeMethod Test_setUp" time="0.0" classname="testcase.buy.ProductList.android.kathy.ProductID_2174">
    <skipped/>
  </testcase> <!-- @BeforeMethod Test_setUp -->
  <testcase name="@AfterClass tearDown" time="0.0" classname="testcase.buy.ProductList.android.kathy.ProductID_2174">
    <skipped/>
  </testcase> <!-- @AfterClass tearDown -->
  <testcase name="@BeforeMethod Test_setUp" time="0.0" classname="testcase.buy.ProductList.android.kathy.ProductID_2175">
    <skipped/>
  </testcase> <!-- @BeforeMethod Test_setUp -->
  <testcase name="@AfterClass tearDown" time="0.0" classname="testcase.buy.ProductList.android.kathy.ProductID_2175">
    <skipped/>
  </testcase> <!-- @AfterClass tearDown -->
  <testcase name="@BeforeMethod Test_setUp" time="0.0" classname="testcase.buy.ProductList.android.kathy.ProductID_2466">
    <skipped/>
  </testcase> <!-- @BeforeMethod Test_setUp -->
  <testcase name="@AfterClass tearDown" time="0.0" classname="testcase.buy.ProductList.android.kathy.ProductID_2466">
    <skipped/>
  </testcase> <!-- @AfterClass tearDown -->
  <testcase name="BuyProduct2110" time="0.001" classname="testcase.buy.ProductList.android.kathy.ProductID_2110">
    <skipped/>
  </testcase> <!-- BuyProduct2110 -->
  <testcase name="BuyProduct2174" time="0.001" classname="testcase.buy.ProductList.android.kathy.ProductID_2174">
    <skipped/>
  </testcase> <!-- BuyProduct2174 -->
  <testcase name="BuyProduct2175" time="0.001" classname="testcase.buy.ProductList.android.kathy.ProductID_2175">
    <skipped/>
  </testcase> <!-- BuyProduct2175 -->
  <testcase name="BuyProduct2466" time="0.0" classname="testcase.buy.ProductList.android.kathy.ProductID_2466">
    <skipped/>
  </testcase> <!-- BuyProduct2466 -->
</testsuite> <!-- TestMethods -->
